<?xml version="1.0" encoding="UTF-8"?>
<testsuite xmlns:xsi="http://www.w3.org/2001/XMLSchema-instance" xsi:noNamespaceSchemaLocation="https://maven.apache.org/surefire/maven-surefire-plugin/xsd/surefire-test-report.xsd" name="testtasks.LoginValidTest" time="83.33" tests="8" errors="0" skipped="0" failures="0">
  <properties>
[...]
</properties>
  <testcase name="loginFromForgotPasswordPageEnterLink[0]" classname="testtasks.LoginValidTest" time="17.561"/>
  <testcase name="loginFromRegistrationPageEnterLink[0]" classname="testtasks.LoginValidTest" time="9.504"/>
  <testcase name="loginFromHomePageEnterAccountButton[0]" classname="testtasks.LoginValidTest" time="8.354"/>
  <testcase name="loginFromHomePagePersonalAccountButton[0]" classname="testtasks.LoginValidTest" time="13.532"/>
  <testcase name="loginFromForgotPasswordPageEnterLink[1]" classname="testtasks.LoginValidTest" time="8.369"/>
  <testcase name="loginFromRegistrationPageEnterLink[1]" classname="testtasks.LoginValidTest" time="8.09"/>
  <testcase name="loginFromHomePageEnterAccountButton[1]" classname="testtasks.LoginValidTest" time="8.129"/>
  <testcase name="loginFromHomePagePersonalAccountButton[1]" classname="testtasks.LoginValidTest" time="9.782"/>
</testsuite>